2023-04-13 00:01:08,552 INFO com.juansenen.citytravel.controler.LineControler [http-nio-8080-exec-6] Begin getLine
2023-04-13 00:01:08,563 INFO com.juansenen.citytravel.controler.LineControler [http-nio-8080-exec-6] Finish getLine
2023-04-13 00:01:12,444 INFO com.juansenen.citytravel.controler.LineControler [http-nio-8080-exec-10] Begin getLine stations by Id Line
2023-04-13 00:01:12,446 INFO com.juansenen.citytravel.controler.LineControler [http-nio-8080-exec-10] Finsh getLine trains by Id Line
2023-04-13 00:01:15,630 INFO com.juansenen.citytravel.controler.LineControler [http-nio-8080-exec-4] Begin getLine stations by Id Line
2023-04-13 00:01:15,632 INFO com.juansenen.citytravel.controler.LineControler [http-nio-8080-exec-4] Finsh getLine trains by Id Line
2023-04-13 00:01:24,090 INFO com.juansenen.citytravel.controler.LineControler [http-nio-8080-exec-7] Begin getLine stations by Id Line
2023-04-13 00:01:24,091 INFO com.juansenen.citytravel.controler.LineControler [http-nio-8080-exec-7] Finsh getLine trains by Id Line
2023-04-13 00:04:53,709 INFO com.juansenen.citytravel.controler.LineControler [http-nio-8080-exec-1] Begin getLine
2023-04-13 00:04:53,710 INFO com.juansenen.citytravel.controler.LineControler [http-nio-8080-exec-1] Finish getLine
2023-04-13 00:04:55,575 INFO com.juansenen.citytravel.controler.LineControler [http-nio-8080-exec-2] Begin getLine stations by Id Line
2023-04-13 00:04:55,578 INFO com.juansenen.citytravel.controler.LineControler [http-nio-8080-exec-2] Finsh getLine trains by Id Line
2023-04-13 00:04:57,922 INFO com.juansenen.citytravel.controler.LineControler [http-nio-8080-exec-6] Begin getLine stations by Id Line
2023-04-13 00:04:57,928 INFO com.juansenen.citytravel.controler.LineControler [http-nio-8080-exec-6] Finsh getLine trains by Id Line
2023-04-13 00:05:09,241 INFO com.juansenen.citytravel.controler.LineControler [http-nio-8080-exec-3] Begin getLine stations by Id Line
2023-04-13 00:05:09,243 INFO com.juansenen.citytravel.controler.LineControler [http-nio-8080-exec-3] Finsh getLine trains by Id Line
2023-04-13 00:05:15,126 INFO com.juansenen.citytravel.controler.LineControler [http-nio-8080-exec-8] Begin getLine
2023-04-13 00:05:15,127 INFO com.juansenen.citytravel.controler.LineControler [http-nio-8080-exec-8] Finish getLine
2023-04-13 00:07:20,632 INFO com.juansenen.citytravel.controler.LineControler [http-nio-8080-exec-1] Begin getLine
2023-04-13 00:07:20,634 INFO com.juansenen.citytravel.controler.LineControler [http-nio-8080-exec-1] Finish getLine
2023-04-13 00:07:23,046 INFO com.juansenen.citytravel.controler.LineControler [http-nio-8080-exec-2] Begin getLine stations by Id Line
2023-04-13 00:07:23,048 INFO com.juansenen.citytravel.controler.LineControler [http-nio-8080-exec-2] Finsh getLine trains by Id Line
2023-04-13 00:07:26,341 INFO com.juansenen.citytravel.controler.LineControler [http-nio-8080-exec-6] Begin getLine stations by Id Line
2023-04-13 00:07:26,358 INFO com.juansenen.citytravel.controler.LineControler [http-nio-8080-exec-6] Finsh getLine trains by Id Line
2023-04-13 00:09:00,543 INFO com.juansenen.citytravel.controler.LineControler [http-nio-8080-exec-8] Begin getLine
2023-04-13 00:09:00,544 INFO com.juansenen.citytravel.controler.LineControler [http-nio-8080-exec-8] Finish getLine
2023-04-13 00:09:00,559 INFO com.juansenen.citytravel.controler.LineControler [http-nio-8080-exec-7] Begin getLine
2023-04-13 00:09:00,560 INFO com.juansenen.citytravel.controler.LineControler [http-nio-8080-exec-7] Finish getLine
2023-04-13 00:09:03,507 INFO com.juansenen.citytravel.controler.LineControler [http-nio-8080-exec-9] Begin getLine stations by Id Line
2023-04-13 00:09:03,510 INFO com.juansenen.citytravel.controler.LineControler [http-nio-8080-exec-9] Finsh getLine trains by Id Line
2023-04-13 00:09:15,206 INFO com.juansenen.citytravel.controler.LineControler [http-nio-8080-exec-1] Begin getLine stations by Id Line
2023-04-13 00:09:15,207 INFO com.juansenen.citytravel.controler.LineControler [http-nio-8080-exec-1] Finsh getLine trains by Id Line
2023-04-13 00:09:18,222 INFO com.juansenen.citytravel.controler.LineControler [http-nio-8080-exec-2] Begin getLine
2023-04-13 00:09:18,222 INFO com.juansenen.citytravel.controler.LineControler [http-nio-8080-exec-2] Finish getLine
2023-04-13 00:09:18,224 INFO com.juansenen.citytravel.controler.LineControler [http-nio-8080-exec-6] Begin getLine
2023-04-13 00:09:18,224 INFO com.juansenen.citytravel.controler.LineControler [http-nio-8080-exec-6] Finish getLine
2023-04-13 00:09:19,383 INFO com.juansenen.citytravel.controler.LineControler [http-nio-8080-exec-10] Begin getLine stations by Id Line
2023-04-13 00:09:19,388 INFO com.juansenen.citytravel.controler.LineControler [http-nio-8080-exec-10] Finsh getLine trains by Id Line
2023-04-13 00:09:42,344 INFO com.juansenen.citytravel.controler.LineControler [http-nio-8080-exec-4] Begin getLine stations by Id Line
2023-04-13 00:09:42,346 INFO com.juansenen.citytravel.controler.LineControler [http-nio-8080-exec-4] Finsh getLine trains by Id Line
2023-04-13 00:09:45,322 INFO com.juansenen.citytravel.controler.LineControler [http-nio-8080-exec-5] Begin getLine
2023-04-13 00:09:45,322 INFO com.juansenen.citytravel.controler.LineControler [http-nio-8080-exec-5] Finish getLine
2023-04-13 00:09:45,323 INFO com.juansenen.citytravel.controler.LineControler [http-nio-8080-exec-3] Begin getLine
2023-04-13 00:09:45,323 INFO com.juansenen.citytravel.controler.LineControler [http-nio-8080-exec-3] Finish getLine
2023-04-13 00:10:52,818 INFO org.springframework.orm.jpa.AbstractEntityManagerFactoryBean [SpringApplicationShutdownHook] Closing JPA EntityManagerFactory for persistence unit 'default'
2023-04-13 00:10:52,823 INFO com.zaxxer.hikari.HikariDataSource [SpringApplicationShutdownHook] HikariPool-1 - Shutdown initiated...
2023-04-13 00:10:52,828 INFO com.zaxxer.hikari.HikariDataSource [SpringApplicationShutdownHook] HikariPool-1 - Shutdown completed.
2023-04-13 10:16:48,402 INFO org.hibernate.validator.internal.util.Version [background-preinit] HV000001: Hibernate Validator 6.2.5.Final
2023-04-13 10:16:48,408 INFO org.springframework.boot.StartupInfoLogger [main] Starting CitytravelApplication using Java 17.0.2 on MacBook-Pro-de-Juansenen.local with PID 1596 (/Users/JSenen/Desktop/CityTravel/target/classes started by JSenen in /Users/JSenen/Desktop/CityTravel)
2023-04-13 10:16:48,409 INFO org.springframework.boot.SpringApplication [main] No active profile set, falling back to 1 default profile: "default"
2023-04-13 10:16:49,045 INFO org.springframework.data.repository.config.RepositoryConfigurationDelegate [main] Bootstrapping Spring Data JPA repositories in DEFAULT mode.
2023-04-13 10:16:49,115 INFO org.springframework.data.repository.config.RepositoryConfigurationDelegate [main] Finished Spring Data repository scanning in 61 ms. Found 7 JPA repository interfaces.
2023-04-13 10:16:49,871 INFO org.springframework.boot.web.embedded.tomcat.TomcatWebServer [main] Tomcat initialized with port(s): 8080 (http)
2023-04-13 10:16:49,880 INFO org.apache.juli.logging.DirectJDKLog [main] Initializing ProtocolHandler ["http-nio-8080"]
2023-04-13 10:16:49,881 INFO org.apache.juli.logging.DirectJDKLog [main] Starting service [Tomcat]
2023-04-13 10:16:49,881 INFO org.apache.juli.logging.DirectJDKLog [main] Starting Servlet engine: [Apache Tomcat/9.0.68]
2023-04-13 10:16:49,966 INFO org.apache.juli.logging.DirectJDKLog [main] Initializing Spring embedded WebApplicationContext
2023-04-13 10:16:49,966 INFO org.springframework.boot.web.servlet.context.ServletWebServerApplicationContext [main] Root WebApplicationContext: initialization completed in 1518 ms
2023-04-13 10:16:50,007 INFO com.zaxxer.hikari.HikariDataSource [main] HikariPool-1 - Starting...
2023-04-13 10:16:50,383 INFO com.zaxxer.hikari.HikariDataSource [main] HikariPool-1 - Start completed.
2023-04-13 10:16:50,395 INFO org.springframework.boot.autoconfigure.h2.H2ConsoleAutoConfiguration [main] H2 console available at '/h2-console'. Database available at 'jdbc:h2:file:/Users/JSenen/Documents/Proyectos/AD/citytravel/citytravel.db'
2023-04-13 10:16:50,499 WARN org.springframework.boot.autoconfigure.orm.jpa.JpaBaseConfiguration$JpaWebConfiguration [main] spring.jpa.open-in-view is enabled by default. Therefore, database queries may be performed during view rendering. Explicitly configure spring.jpa.open-in-view to disable this warning
2023-04-13 10:16:50,626 INFO org.hibernate.jpa.internal.util.LogHelper [main] HHH000204: Processing PersistenceUnitInfo [name: default]
2023-04-13 10:16:50,693 INFO org.hibernate.Version [main] HHH000412: Hibernate ORM core version 5.6.12.Final
2023-04-13 10:16:50,820 INFO org.hibernate.annotations.common.reflection.java.JavaReflectionManager [main] HCANN000001: Hibernate Commons Annotations {5.1.2.Final}
2023-04-13 10:16:50,907 INFO org.hibernate.dialect.Dialect [main] HHH000400: Using dialect: org.hibernate.dialect.H2Dialect
2023-04-13 10:16:51,605 INFO org.hibernate.engine.transaction.jta.platform.internal.JtaPlatformInitiator [main] HHH000490: Using JtaPlatform implementation: [org.hibernate.engine.transaction.jta.platform.internal.NoJtaPlatform]
2023-04-13 10:16:51,612 INFO org.springframework.orm.jpa.AbstractEntityManagerFactoryBean [main] Initialized JPA EntityManagerFactory for persistence unit 'default'
2023-04-13 10:16:53,094 INFO org.springframework.security.web.DefaultSecurityFilterChain [main] Will secure any request with [org.springframework.security.web.session.DisableEncodeUrlFilter@4ae435a3, org.springframework.security.web.context.request.async.WebAsyncManagerIntegrationFilter@7f69c4c0, org.springframework.security.web.context.SecurityContextPersistenceFilter@46df794e, org.springframework.security.web.header.HeaderWriterFilter@574413bd, org.springframework.web.filter.CorsFilter@6a9a6a0c, org.springframework.security.web.authentication.logout.LogoutFilter@79080255, com.juansenen.citytravel.security.AuthTokenFilter@528c4353, org.springframework.security.web.savedrequest.RequestCacheAwareFilter@7674f9d4, org.springframework.security.web.servletapi.SecurityContextHolderAwareRequestFilter@1690929, org.springframework.security.web.authentication.AnonymousAuthenticationFilter@1cdb290c, org.springframework.security.web.session.SessionManagementFilter@2003edf, org.springframework.security.web.access.ExceptionTranslationFilter@55a07f97, org.springframework.security.web.access.intercept.FilterSecurityInterceptor@562ec518]
2023-04-13 10:16:53,458 INFO org.apache.juli.logging.DirectJDKLog [main] Starting ProtocolHandler ["http-nio-8080"]
2023-04-13 10:16:53,490 INFO org.springframework.boot.web.embedded.tomcat.TomcatWebServer [main] Tomcat started on port(s): 8080 (http) with context path ''
2023-04-13 10:16:53,499 INFO org.springframework.boot.StartupInfoLogger [main] Started CitytravelApplication in 5.52 seconds (JVM running for 5.877)
2023-04-13 10:20:34,204 INFO org.apache.juli.logging.DirectJDKLog [http-nio-8080-exec-1] Initializing Spring DispatcherServlet 'dispatcherServlet'
2023-04-13 10:20:34,207 INFO org.springframework.web.servlet.FrameworkServlet [http-nio-8080-exec-1] Initializing Servlet 'dispatcherServlet'
2023-04-13 10:20:34,231 INFO org.springframework.web.servlet.FrameworkServlet [http-nio-8080-exec-1] Completed initialization in 23 ms
2023-04-13 10:20:34,410 INFO com.juansenen.citytravel.controler.LineControler [http-nio-8080-exec-1] Begin getLine
2023-04-13 10:20:34,414 INFO com.juansenen.citytravel.controler.LineControler [http-nio-8080-exec-1] Finish getLine
2023-04-13 10:20:58,649 INFO com.juansenen.citytravel.controler.LineControler [http-nio-8080-exec-3] Begin getLine
2023-04-13 10:20:58,650 INFO com.juansenen.citytravel.controler.LineControler [http-nio-8080-exec-3] Finish getLine
2023-04-13 10:49:06,162 INFO com.juansenen.citytravel.controler.LineControler [http-nio-8080-exec-5] Begin getLine
2023-04-13 10:49:06,165 INFO com.juansenen.citytravel.controler.LineControler [http-nio-8080-exec-5] Finish getLine
2023-04-13 10:49:08,229 INFO com.juansenen.citytravel.controler.LineControler [http-nio-8080-exec-6] Begin getLine stations by Id Line
2023-04-13 10:49:08,324 INFO com.juansenen.citytravel.controler.LineControler [http-nio-8080-exec-6] Finsh getLine trains by Id Line
2023-04-13 10:49:11,133 INFO com.juansenen.citytravel.controler.LineControler [http-nio-8080-exec-7] Begin getLine stations by Id Line
2023-04-13 10:49:11,141 INFO com.juansenen.citytravel.controler.LineControler [http-nio-8080-exec-7] Finsh getLine trains by Id Line
2023-04-13 10:49:28,101 INFO com.juansenen.citytravel.controler.LineControler [http-nio-8080-exec-8] Begin getLine stations by Id Line
2023-04-13 10:49:28,113 INFO com.juansenen.citytravel.controler.LineControler [http-nio-8080-exec-8] Finsh getLine trains by Id Line
2023-04-13 10:49:35,646 INFO com.juansenen.citytravel.controler.LineControler [http-nio-8080-exec-3] Begin getLine stations by Id Line
2023-04-13 10:49:35,652 INFO com.juansenen.citytravel.controler.LineControler [http-nio-8080-exec-3] Finsh getLine trains by Id Line
2023-04-13 10:49:38,770 INFO com.juansenen.citytravel.controler.LineControler [http-nio-8080-exec-4] Begin getLine stations by Id Line
2023-04-13 10:49:38,777 INFO com.juansenen.citytravel.controler.LineControler [http-nio-8080-exec-4] Finsh getLine trains by Id Line
2023-04-13 10:49:40,463 INFO com.juansenen.citytravel.controler.LineControler [http-nio-8080-exec-5] Begin getLine
2023-04-13 10:49:40,463 INFO com.juansenen.citytravel.controler.LineControler [http-nio-8080-exec-5] Finish getLine
2023-04-13 11:10:13,776 INFO com.juansenen.citytravel.controler.LineControler [http-nio-8080-exec-9] Begin getLine
2023-04-13 11:10:13,778 INFO com.juansenen.citytravel.controler.LineControler [http-nio-8080-exec-9] Finish getLine
2023-04-13 11:10:27,106 INFO com.juansenen.citytravel.controler.LineControler [http-nio-8080-exec-1] Begin getLine
2023-04-13 11:10:27,107 INFO com.juansenen.citytravel.controler.LineControler [http-nio-8080-exec-1] Finish getLine
2023-04-13 11:10:27,120 INFO com.juansenen.citytravel.controler.LineControler [http-nio-8080-exec-2] Begin getLine
2023-04-13 11:10:27,120 INFO com.juansenen.citytravel.controler.LineControler [http-nio-8080-exec-2] Finish getLine
2023-04-13 11:10:47,234 INFO com.juansenen.citytravel.controler.LineControler [http-nio-8080-exec-3] Begin modify a Line by Id
2023-04-13 11:10:47,281 INFO com.juansenen.citytravel.controler.LineControler [http-nio-8080-exec-3] Finish modify a Line by Id
2023-04-13 11:10:49,555 INFO com.juansenen.citytravel.controler.LineControler [http-nio-8080-exec-4] Begin getLine
2023-04-13 11:10:49,557 INFO com.juansenen.citytravel.controler.LineControler [http-nio-8080-exec-4] Finish getLine
2023-04-13 11:10:49,579 INFO com.juansenen.citytravel.controler.LineControler [http-nio-8080-exec-5] Begin getLine
2023-04-13 11:10:49,580 INFO com.juansenen.citytravel.controler.LineControler [http-nio-8080-exec-5] Finish getLine
2023-04-13 11:46:58,243 INFO com.juansenen.citytravel.controler.LineControler [http-nio-8080-exec-3] Begin getLine
2023-04-13 11:46:58,244 INFO com.juansenen.citytravel.controler.LineControler [http-nio-8080-exec-3] Finish getLine
2023-04-13 11:47:02,037 INFO com.juansenen.citytravel.controler.LineControler [http-nio-8080-exec-4] Begin getLine stations by Id Line
2023-04-13 11:47:02,040 INFO com.juansenen.citytravel.controler.LineControler [http-nio-8080-exec-4] Finsh getLine trains by Id Line
2023-04-13 11:47:09,505 INFO com.juansenen.citytravel.controler.LineControler [http-nio-8080-exec-5] Begin getLine
2023-04-13 11:47:09,505 INFO com.juansenen.citytravel.controler.LineControler [http-nio-8080-exec-5] Finish getLine
2023-04-13 11:47:11,483 INFO com.juansenen.citytravel.controler.LineControler [http-nio-8080-exec-6] Begin getLine stations by Id Line
2023-04-13 11:47:11,486 INFO com.juansenen.citytravel.controler.LineControler [http-nio-8080-exec-6] Finsh getLine trains by Id Line
2023-04-13 11:47:16,227 INFO com.juansenen.citytravel.controler.LineControler [http-nio-8080-exec-7] Begin getLine
2023-04-13 11:47:16,227 INFO com.juansenen.citytravel.controler.LineControler [http-nio-8080-exec-7] Finish getLine
2023-04-13 11:51:04,270 INFO com.juansenen.citytravel.controler.LineControler [http-nio-8080-exec-3] Begin getLine
2023-04-13 11:51:04,270 INFO com.juansenen.citytravel.controler.LineControler [http-nio-8080-exec-3] Finish getLine
2023-04-13 11:51:05,715 INFO com.juansenen.citytravel.controler.LineControler [http-nio-8080-exec-4] Begin getLine stations by Id Line
2023-04-13 11:51:05,724 INFO com.juansenen.citytravel.controler.LineControler [http-nio-8080-exec-4] Finsh getLine trains by Id Line
2023-04-13 11:51:19,811 INFO com.juansenen.citytravel.controler.LineControler [http-nio-8080-exec-5] Begin getLine
2023-04-13 11:51:19,811 INFO com.juansenen.citytravel.controler.LineControler [http-nio-8080-exec-5] Finish getLine
2023-04-13 11:56:26,092 INFO com.juansenen.citytravel.controler.LineControler [http-nio-8080-exec-9] Begin getLine
2023-04-13 11:56:26,094 INFO com.juansenen.citytravel.controler.LineControler [http-nio-8080-exec-9] Finish getLine
2023-04-13 11:56:31,364 INFO com.juansenen.citytravel.controler.LineControler [http-nio-8080-exec-1] Begin getLine stations by Id Line
2023-04-13 11:56:31,366 INFO com.juansenen.citytravel.controler.LineControler [http-nio-8080-exec-1] Finsh getLine trains by Id Line
2023-04-13 11:56:35,161 INFO com.juansenen.citytravel.controler.LineControler [http-nio-8080-exec-10] Begin getLine
2023-04-13 11:56:35,161 INFO com.juansenen.citytravel.controler.LineControler [http-nio-8080-exec-10] Finish getLine
2023-04-13 11:58:39,691 INFO com.juansenen.citytravel.controler.LineControler [http-nio-8080-exec-5] Begin getLine
2023-04-13 11:58:39,692 INFO com.juansenen.citytravel.controler.LineControler [http-nio-8080-exec-5] Finish getLine
2023-04-13 11:58:41,859 INFO com.juansenen.citytravel.controler.LineControler [http-nio-8080-exec-6] Begin getLine stations by Id Line
2023-04-13 11:58:41,861 INFO com.juansenen.citytravel.controler.LineControler [http-nio-8080-exec-6] Finsh getLine trains by Id Line
2023-04-13 11:59:04,180 INFO com.juansenen.citytravel.controler.LineControler [http-nio-8080-exec-9] Begin getLine
2023-04-13 11:59:04,181 INFO com.juansenen.citytravel.controler.LineControler [http-nio-8080-exec-9] Finish getLine
2023-04-13 11:59:06,022 INFO com.juansenen.citytravel.controler.LineControler [http-nio-8080-exec-1] Begin getLine stations by Id Line
2023-04-13 11:59:06,024 INFO com.juansenen.citytravel.controler.LineControler [http-nio-8080-exec-1] Finsh getLine trains by Id Line
2023-04-13 11:59:12,657 INFO com.juansenen.citytravel.controler.LineControler [http-nio-8080-exec-10] Begin getLine
2023-04-13 11:59:12,657 INFO com.juansenen.citytravel.controler.LineControler [http-nio-8080-exec-10] Finish getLine
2023-04-13 12:14:20,530 INFO com.juansenen.citytravel.controler.LineControler [http-nio-8080-exec-5] Begin getLine
2023-04-13 12:14:20,532 INFO com.juansenen.citytravel.controler.LineControler [http-nio-8080-exec-5] Finish getLine
2023-04-13 12:14:22,083 INFO com.juansenen.citytravel.controler.LineControler [http-nio-8080-exec-6] Begin getLine stations by Id Line
2023-04-13 12:14:22,088 INFO com.juansenen.citytravel.controler.LineControler [http-nio-8080-exec-6] Finsh getLine trains by Id Line
2023-04-13 12:15:36,063 INFO com.juansenen.citytravel.controler.LineControler [http-nio-8080-exec-9] Begin getLine
2023-04-13 12:15:36,065 INFO com.juansenen.citytravel.controler.LineControler [http-nio-8080-exec-9] Finish getLine
2023-04-13 12:15:37,648 INFO com.juansenen.citytravel.controler.LineControler [http-nio-8080-exec-1] Begin getLine stations by Id Line
2023-04-13 12:15:37,655 INFO com.juansenen.citytravel.controler.LineControler [http-nio-8080-exec-1] Finsh getLine trains by Id Line
2023-04-13 12:18:17,487 INFO com.juansenen.citytravel.controler.LineControler [http-nio-8080-exec-3] Begin getLine
2023-04-13 12:18:17,488 INFO com.juansenen.citytravel.controler.LineControler [http-nio-8080-exec-3] Finish getLine
2023-04-13 12:18:20,339 INFO com.juansenen.citytravel.controler.LineControler [http-nio-8080-exec-4] Begin getLine stations by Id Line
2023-04-13 12:18:20,343 INFO com.juansenen.citytravel.controler.LineControler [http-nio-8080-exec-4] Finsh getLine trains by Id Line
2023-04-13 12:19:35,135 INFO com.juansenen.citytravel.controler.LineControler [http-nio-8080-exec-7] Begin getLine
2023-04-13 12:19:35,137 INFO com.juansenen.citytravel.controler.LineControler [http-nio-8080-exec-7] Finish getLine
2023-04-13 12:19:36,805 INFO com.juansenen.citytravel.controler.LineControler [http-nio-8080-exec-8] Begin getLine stations by Id Line
2023-04-13 12:19:36,807 INFO com.juansenen.citytravel.controler.LineControler [http-nio-8080-exec-8] Finsh getLine trains by Id Line
2023-04-13 12:19:40,830 INFO com.juansenen.citytravel.controler.LineControler [http-nio-8080-exec-9] Begin getLine
2023-04-13 12:19:40,831 INFO com.juansenen.citytravel.controler.LineControler [http-nio-8080-exec-9] Finish getLine
2023-04-13 12:19:59,418 INFO com.juansenen.citytravel.controler.LineControler [http-nio-8080-exec-2] Begin getLine
2023-04-13 12:19:59,419 INFO com.juansenen.citytravel.controler.LineControler [http-nio-8080-exec-2] Finish getLine
2023-04-13 12:19:59,423 INFO com.juansenen.citytravel.controler.LineControler [http-nio-8080-exec-3] Begin getLine
2023-04-13 12:19:59,424 INFO com.juansenen.citytravel.controler.LineControler [http-nio-8080-exec-3] Finish getLine
2023-04-13 12:20:01,992 INFO com.juansenen.citytravel.controler.LineControler [http-nio-8080-exec-4] Begin getLine stations by Id Line
2023-04-13 12:20:01,995 INFO com.juansenen.citytravel.controler.LineControler [http-nio-8080-exec-4] Finsh getLine trains by Id Line
2023-04-13 12:20:26,270 INFO com.juansenen.citytravel.controler.LineStationControler [http-nio-8080-exec-5] Begin add station by Line Id
2023-04-13 12:20:26,326 INFO com.juansenen.citytravel.controler.LineStationControler [http-nio-8080-exec-5] Finish add station by Line Id
2023-04-13 12:20:30,964 INFO com.juansenen.citytravel.controler.LineControler [http-nio-8080-exec-6] Begin getLine stations by Id Line
2023-04-13 12:20:30,967 INFO com.juansenen.citytravel.controler.LineControler [http-nio-8080-exec-6] Finsh getLine trains by Id Line
2023-04-13 12:20:41,289 INFO com.juansenen.citytravel.controler.LineStationControler [http-nio-8080-exec-1] Begin delete station by Id
2023-04-13 12:20:41,329 INFO com.juansenen.citytravel.controler.LineStationControler [http-nio-8080-exec-1] Finish delete station by Id
2023-04-13 12:20:58,393 INFO com.juansenen.citytravel.controler.LineStationControler [http-nio-8080-exec-3] Begin modify station by Id
2023-04-13 12:20:58,396 INFO com.juansenen.citytravel.controler.LineStationControler [http-nio-8080-exec-3] Finish modify station by Id
2023-04-13 12:21:00,739 INFO com.juansenen.citytravel.controler.LineControler [http-nio-8080-exec-6] Begin getLine stations by Id Line
2023-04-13 12:21:00,741 INFO com.juansenen.citytravel.controler.LineControler [http-nio-8080-exec-6] Finsh getLine trains by Id Line
2023-04-13 12:21:04,069 INFO com.juansenen.citytravel.controler.LineControler [http-nio-8080-exec-9] Begin getLine
2023-04-13 12:21:04,069 INFO com.juansenen.citytravel.controler.LineControler [http-nio-8080-exec-8] Begin getLine
2023-04-13 12:21:04,070 INFO com.juansenen.citytravel.controler.LineControler [http-nio-8080-exec-8] Finish getLine
2023-04-13 12:21:04,070 INFO com.juansenen.citytravel.controler.LineControler [http-nio-8080-exec-9] Finish getLine
2023-04-13 12:21:11,772 INFO com.juansenen.citytravel.controler.LineControler [http-nio-8080-exec-1] Begin getLine
2023-04-13 12:21:11,772 INFO com.juansenen.citytravel.controler.LineControler [http-nio-8080-exec-1] Finish getLine
2023-04-13 12:21:13,319 INFO com.juansenen.citytravel.controler.LineControler [http-nio-8080-exec-10] Begin getLine stations by Id Line
2023-04-13 12:21:13,321 INFO com.juansenen.citytravel.controler.LineControler [http-nio-8080-exec-10] Finsh getLine trains by Id Line
2023-04-13 12:21:17,111 INFO com.juansenen.citytravel.controler.LineControler [http-nio-8080-exec-2] Begin getLine
2023-04-13 12:21:17,111 INFO com.juansenen.citytravel.controler.LineControler [http-nio-8080-exec-2] Finish getLine
2023-04-13 12:27:39,741 INFO com.juansenen.citytravel.controler.LineControler [http-nio-8080-exec-5] Begin getLine
2023-04-13 12:27:39,742 INFO com.juansenen.citytravel.controler.LineControler [http-nio-8080-exec-5] Finish getLine
2023-04-13 12:29:11,722 INFO com.juansenen.citytravel.controler.LineControler [http-nio-8080-exec-2] Begin getLine
2023-04-13 12:29:11,723 INFO com.juansenen.citytravel.controler.LineControler [http-nio-8080-exec-2] Finish getLine
2023-04-13 12:29:11,724 INFO com.juansenen.citytravel.controler.LineControler [http-nio-8080-exec-4] Begin getLine
2023-04-13 12:29:11,724 INFO com.juansenen.citytravel.controler.LineControler [http-nio-8080-exec-4] Finish getLine
2023-04-13 12:29:53,410 INFO org.springframework.orm.jpa.AbstractEntityManagerFactoryBean [SpringApplicationShutdownHook] Closing JPA EntityManagerFactory for persistence unit 'default'
2023-04-13 12:29:53,415 INFO com.zaxxer.hikari.HikariDataSource [SpringApplicationShutdownHook] HikariPool-1 - Shutdown initiated...
2023-04-13 12:29:53,419 INFO com.zaxxer.hikari.HikariDataSource [SpringApplicationShutdownHook] HikariPool-1 - Shutdown completed.
2023-04-13 14:33:35,831 INFO org.hibernate.validator.internal.util.Version [background-preinit] HV000001: Hibernate Validator 6.2.5.Final
2023-04-13 14:33:35,834 INFO org.springframework.boot.StartupInfoLogger [main] Starting CitytravelApplication using Java 17.0.2 on MacBook-Pro-de-Juansenen.local with PID 1260 (/Users/JSenen/Desktop/CityTravel/target/classes started by JSenen in /Users/JSenen/Desktop/CityTravel)
2023-04-13 14:33:35,835 INFO org.springframework.boot.SpringApplication [main] No active profile set, falling back to 1 default profile: "default"
2023-04-13 14:33:36,525 INFO org.springframework.data.repository.config.RepositoryConfigurationDelegate [main] Bootstrapping Spring Data JPA repositories in DEFAULT mode.
2023-04-13 14:33:36,598 INFO org.springframework.data.repository.config.RepositoryConfigurationDelegate [main] Finished Spring Data repository scanning in 62 ms. Found 7 JPA repository interfaces.
2023-04-13 14:33:37,386 INFO org.springframework.boot.web.embedded.tomcat.TomcatWebServer [main] Tomcat initialized with port(s): 8080 (http)
2023-04-13 14:33:37,397 INFO org.apache.juli.logging.DirectJDKLog [main] Initializing ProtocolHandler ["http-nio-8080"]
2023-04-13 14:33:37,398 INFO org.apache.juli.logging.DirectJDKLog [main] Starting service [Tomcat]
2023-04-13 14:33:37,398 INFO org.apache.juli.logging.DirectJDKLog [main] Starting Servlet engine: [Apache Tomcat/9.0.68]
2023-04-13 14:33:37,491 INFO org.apache.juli.logging.DirectJDKLog [main] Initializing Spring embedded WebApplicationContext
2023-04-13 14:33:37,492 INFO org.springframework.boot.web.servlet.context.ServletWebServerApplicationContext [main] Root WebApplicationContext: initialization completed in 1610 ms
2023-04-13 14:33:37,535 INFO com.zaxxer.hikari.HikariDataSource [main] HikariPool-1 - Starting...
2023-04-13 14:33:37,935 INFO com.zaxxer.hikari.HikariDataSource [main] HikariPool-1 - Start completed.
2023-04-13 14:33:37,948 INFO org.springframework.boot.autoconfigure.h2.H2ConsoleAutoConfiguration [main] H2 console available at '/h2-console'. Database available at 'jdbc:h2:file:/Users/JSenen/Documents/Proyectos/AD/citytravel/citytravel.db'
2023-04-13 14:33:38,040 WARN org.springframework.boot.autoconfigure.orm.jpa.JpaBaseConfiguration$JpaWebConfiguration [main] spring.jpa.open-in-view is enabled by default. Therefore, database queries may be performed during view rendering. Explicitly configure spring.jpa.open-in-view to disable this warning
2023-04-13 14:33:38,171 INFO org.hibernate.jpa.internal.util.LogHelper [main] HHH000204: Processing PersistenceUnitInfo [name: default]
2023-04-13 14:33:38,251 INFO org.hibernate.Version [main] HHH000412: Hibernate ORM core version 5.6.12.Final
2023-04-13 14:33:38,404 INFO org.hibernate.annotations.common.reflection.java.JavaReflectionManager [main] HCANN000001: Hibernate Commons Annotations {5.1.2.Final}
2023-04-13 14:33:38,513 INFO org.hibernate.dialect.Dialect [main] HHH000400: Using dialect: org.hibernate.dialect.H2Dialect
2023-04-13 14:33:39,337 INFO org.hibernate.engine.transaction.jta.platform.internal.JtaPlatformInitiator [main] HHH000490: Using JtaPlatform implementation: [org.hibernate.engine.transaction.jta.platform.internal.NoJtaPlatform]
2023-04-13 14:33:39,348 INFO org.springframework.orm.jpa.AbstractEntityManagerFactoryBean [main] Initialized JPA EntityManagerFactory for persistence unit 'default'
2023-04-13 14:33:40,830 INFO org.springframework.security.web.DefaultSecurityFilterChain [main] Will secure any request with [org.springframework.security.web.session.DisableEncodeUrlFilter@4ae435a3, org.springframework.security.web.context.request.async.WebAsyncManagerIntegrationFilter@7f69c4c0, org.springframework.security.web.context.SecurityContextPersistenceFilter@1690929, org.springframework.security.web.header.HeaderWriterFilter@765eb801, org.springframework.web.filter.CorsFilter@6a9a6a0c, org.springframework.security.web.authentication.logout.LogoutFilter@61d9dd15, com.juansenen.citytravel.security.AuthTokenFilter@6a6a3fc4, org.springframework.security.web.savedrequest.RequestCacheAwareFilter@3a574a3b, org.springframework.security.web.servletapi.SecurityContextHolderAwareRequestFilter@20608ef4, org.springframework.security.web.authentication.AnonymousAuthenticationFilter@1cdb290c, org.springframework.security.web.session.SessionManagementFilter@7674f9d4, org.springframework.security.web.access.ExceptionTranslationFilter@556e4588, org.springframework.security.web.access.intercept.FilterSecurityInterceptor@562ec518]
2023-04-13 14:33:41,226 INFO org.apache.juli.logging.DirectJDKLog [main] Starting ProtocolHandler ["http-nio-8080"]
2023-04-13 14:33:41,263 INFO org.springframework.boot.web.embedded.tomcat.TomcatWebServer [main] Tomcat started on port(s): 8080 (http) with context path ''
2023-04-13 14:33:41,273 INFO org.springframework.boot.StartupInfoLogger [main] Started CitytravelApplication in 6.063 seconds (JVM running for 6.421)
2023-04-13 14:34:23,092 INFO org.apache.juli.logging.DirectJDKLog [http-nio-8080-exec-1] Initializing Spring DispatcherServlet 'dispatcherServlet'
2023-04-13 14:34:23,092 INFO org.springframework.web.servlet.FrameworkServlet [http-nio-8080-exec-1] Initializing Servlet 'dispatcherServlet'
2023-04-13 14:34:23,095 INFO org.springframework.web.servlet.FrameworkServlet [http-nio-8080-exec-1] Completed initialization in 2 ms
2023-04-13 14:34:38,023 ERROR com.juansenen.citytravel.security.AuthEntryPointJwt [http-nio-8080-exec-2] Unauthorized error: Bad credentials
2023-04-13 14:47:40,183 INFO com.juansenen.citytravel.controler.LineControler [http-nio-8080-exec-5] Begin getLine
2023-04-13 14:47:40,187 INFO com.juansenen.citytravel.controler.LineControler [http-nio-8080-exec-5] Finish getLine
2023-04-13 14:47:42,297 INFO com.juansenen.citytravel.controler.LineControler [http-nio-8080-exec-6] Begin getLine stations by Id Line
2023-04-13 14:47:42,346 INFO com.juansenen.citytravel.controler.LineControler [http-nio-8080-exec-6] Finsh getLine trains by Id Line
2023-04-13 14:49:39,740 INFO com.juansenen.citytravel.controler.LineControler [http-nio-8080-exec-9] Begin getLine
2023-04-13 14:49:39,741 INFO com.juansenen.citytravel.controler.LineControler [http-nio-8080-exec-9] Finish getLine
2023-04-13 14:49:56,007 INFO com.juansenen.citytravel.controler.LineControler [http-nio-8080-exec-10] Begin getLine
2023-04-13 14:49:56,008 INFO com.juansenen.citytravel.controler.LineControler [http-nio-8080-exec-10] Finish getLine
2023-04-13 14:49:57,428 INFO com.juansenen.citytravel.controler.LineControler [http-nio-8080-exec-1] Begin getLine stations by Id Line
2023-04-13 14:49:57,436 INFO com.juansenen.citytravel.controler.LineControler [http-nio-8080-exec-1] Finsh getLine trains by Id Line
2023-04-13 14:49:59,330 INFO com.juansenen.citytravel.controler.LineControler [http-nio-8080-exec-2] Begin getLine stations by Id Line
2023-04-13 14:49:59,334 INFO com.juansenen.citytravel.controler.LineControler [http-nio-8080-exec-2] Finsh getLine trains by Id Line
2023-04-13 14:50:03,463 INFO com.juansenen.citytravel.controler.LineControler [http-nio-8080-exec-3] Begin getLine
2023-04-13 14:50:03,464 INFO com.juansenen.citytravel.controler.LineControler [http-nio-8080-exec-3] Finish getLine
2023-04-13 14:57:13,443 INFO com.juansenen.citytravel.controler.LineControler [http-nio-8080-exec-9] Begin getLine
2023-04-13 14:57:13,444 INFO com.juansenen.citytravel.controler.LineControler [http-nio-8080-exec-9] Finish getLine
2023-04-13 14:57:28,600 ERROR com.juansenen.citytravel.security.AuthEntryPointJwt [http-nio-8080-exec-10] Unauthorized error: Bad credentials
2023-04-13 14:57:46,625 ERROR com.juansenen.citytravel.security.AuthEntryPointJwt [http-nio-8080-exec-1] Unauthorized error: Bad credentials
2023-04-13 14:58:14,440 ERROR com.juansenen.citytravel.security.AuthEntryPointJwt [http-nio-8080-exec-3] Unauthorized error: Bad credentials
2023-04-13 14:58:17,513 INFO com.juansenen.citytravel.controler.LineControler [http-nio-8080-exec-4] Begin getLine
2023-04-13 14:58:17,514 INFO com.juansenen.citytravel.controler.LineControler [http-nio-8080-exec-4] Finish getLine
2023-04-13 14:58:17,516 INFO com.juansenen.citytravel.controler.LineControler [http-nio-8080-exec-5] Begin getLine
2023-04-13 14:58:17,517 INFO com.juansenen.citytravel.controler.LineControler [http-nio-8080-exec-5] Finish getLine
2023-04-13 14:58:19,148 INFO com.juansenen.citytravel.controler.LineControler [http-nio-8080-exec-6] Begin getLine stations by Id Line
2023-04-13 14:58:19,158 INFO com.juansenen.citytravel.controler.LineControler [http-nio-8080-exec-6] Finsh getLine trains by Id Line
2023-04-13 14:58:21,392 INFO com.juansenen.citytravel.controler.LineControler [http-nio-8080-exec-7] Begin getLine
2023-04-13 14:58:21,392 INFO com.juansenen.citytravel.controler.LineControler [http-nio-8080-exec-8] Begin getLine
2023-04-13 14:58:21,393 INFO com.juansenen.citytravel.controler.LineControler [http-nio-8080-exec-8] Finish getLine
2023-04-13 14:58:21,393 INFO com.juansenen.citytravel.controler.LineControler [http-nio-8080-exec-7] Finish getLine
2023-04-13 14:58:56,629 ERROR com.juansenen.citytravel.security.AuthEntryPointJwt [http-nio-8080-exec-7] Unauthorized error: Bad credentials
2023-04-13 14:58:58,441 ERROR com.juansenen.citytravel.security.AuthEntryPointJwt [http-nio-8080-exec-8] Unauthorized error: Bad credentials
2023-04-13 15:03:23,063 INFO com.juansenen.citytravel.controler.LineControler [http-nio-8080-exec-1] Begin getLine
2023-04-13 15:03:23,065 INFO com.juansenen.citytravel.controler.LineControler [http-nio-8080-exec-1] Finish getLine
2023-04-13 15:03:30,298 ERROR com.juansenen.citytravel.security.AuthEntryPointJwt [http-nio-8080-exec-2] Unauthorized error: Bad credentials
2023-04-13 15:03:45,108 INFO com.juansenen.citytravel.controler.LineControler [http-nio-8080-exec-4] Begin getLine
2023-04-13 15:03:45,109 INFO com.juansenen.citytravel.controler.LineControler [http-nio-8080-exec-4] Finish getLine
2023-04-13 15:03:45,116 INFO com.juansenen.citytravel.controler.LineControler [http-nio-8080-exec-5] Begin getLine
2023-04-13 15:03:45,117 INFO com.juansenen.citytravel.controler.LineControler [http-nio-8080-exec-5] Finish getLine
2023-04-13 15:49:10,381 INFO com.juansenen.citytravel.controler.LineControler [http-nio-8080-exec-1] Begin getLine
2023-04-13 15:49:10,389 INFO com.juansenen.citytravel.controler.LineControler [http-nio-8080-exec-1] Finish getLine
2023-04-13 15:49:12,654 INFO com.juansenen.citytravel.controler.LineControler [http-nio-8080-exec-2] Begin getLine stations by Id Line
2023-04-13 15:49:12,660 INFO com.juansenen.citytravel.controler.LineControler [http-nio-8080-exec-2] Finsh getLine trains by Id Line
2023-04-13 15:49:16,388 INFO com.juansenen.citytravel.controler.LineControler [http-nio-8080-exec-3] Begin getLine stations by Id Line
2023-04-13 15:49:16,392 INFO com.juansenen.citytravel.controler.LineControler [http-nio-8080-exec-3] Finsh getLine trains by Id Line
2023-04-13 15:49:21,987 INFO com.juansenen.citytravel.controler.LineControler [http-nio-8080-exec-4] Begin getLine
2023-04-13 15:49:21,987 INFO com.juansenen.citytravel.controler.LineControler [http-nio-8080-exec-4] Finish getLine
2023-04-13 15:49:30,082 ERROR com.juansenen.citytravel.security.AuthEntryPointJwt [http-nio-8080-exec-5] Unauthorized error: Bad credentials
2023-04-13 15:49:41,750 INFO com.juansenen.citytravel.controler.LineControler [http-nio-8080-exec-7] Begin getLine
2023-04-13 15:49:41,751 INFO com.juansenen.citytravel.controler.LineControler [http-nio-8080-exec-7] Finish getLine
2023-04-13 15:49:41,758 INFO com.juansenen.citytravel.controler.LineControler [http-nio-8080-exec-8] Begin getLine
2023-04-13 15:49:41,759 INFO com.juansenen.citytravel.controler.LineControler [http-nio-8080-exec-8] Finish getLine
2023-04-13 15:49:43,981 INFO com.juansenen.citytravel.controler.LineControler [http-nio-8080-exec-10] Begin getLine stations by Id Line
2023-04-13 15:49:43,983 INFO com.juansenen.citytravel.controler.LineControler [http-nio-8080-exec-10] Finsh getLine trains by Id Line
2023-04-13 15:49:49,802 INFO com.juansenen.citytravel.controler.LineStationControler [http-nio-8080-exec-9] Begin delete station by Id
2023-04-13 15:49:49,905 INFO com.juansenen.citytravel.controler.LineStationControler [http-nio-8080-exec-9] Finish delete station by Id
2023-04-13 15:49:51,590 INFO com.juansenen.citytravel.controler.LineControler [http-nio-8080-exec-1] Begin getLine
2023-04-13 15:49:51,590 INFO com.juansenen.citytravel.controler.LineControler [http-nio-8080-exec-2] Begin getLine
2023-04-13 15:49:51,590 INFO com.juansenen.citytravel.controler.LineControler [http-nio-8080-exec-1] Finish getLine
2023-04-13 15:49:51,590 INFO com.juansenen.citytravel.controler.LineControler [http-nio-8080-exec-2] Finish getLine
2023-04-13 15:53:19,373 INFO com.juansenen.citytravel.controler.LineControler [http-nio-8080-exec-5] Begin getLine
2023-04-13 15:53:19,374 INFO com.juansenen.citytravel.controler.LineControler [http-nio-8080-exec-7] Begin getLine
2023-04-13 15:53:19,374 INFO com.juansenen.citytravel.controler.LineControler [http-nio-8080-exec-5] Finish getLine
2023-04-13 15:53:19,374 INFO com.juansenen.citytravel.controler.LineControler [http-nio-8080-exec-7] Finish getLine
2023-04-13 15:53:20,835 INFO com.juansenen.citytravel.controler.LineControler [http-nio-8080-exec-8] Begin getLine stations by Id Line
2023-04-13 15:53:20,836 INFO com.juansenen.citytravel.controler.LineControler [http-nio-8080-exec-8] Finsh getLine trains by Id Line
2023-04-13 15:53:23,222 INFO com.juansenen.citytravel.controler.LineControler [http-nio-8080-exec-10] Begin getLine
2023-04-13 15:53:23,223 INFO com.juansenen.citytravel.controler.LineControler [http-nio-8080-exec-10] Finish getLine
2023-04-13 15:53:23,226 INFO com.juansenen.citytravel.controler.LineControler [http-nio-8080-exec-9] Begin getLine
2023-04-13 15:53:23,227 INFO com.juansenen.citytravel.controler.LineControler [http-nio-8080-exec-9] Finish getLine
2023-04-13 15:53:27,481 INFO com.juansenen.citytravel.controler.LineControler [http-nio-8080-exec-1] Begin delete a Line
2023-04-13 15:53:27,502 INFO com.juansenen.citytravel.controler.LineControler [http-nio-8080-exec-1] Finish delete a Line
2023-04-13 15:53:32,740 INFO com.juansenen.citytravel.controler.LineControler [http-nio-8080-exec-2] Begin getLine
2023-04-13 15:53:32,741 INFO com.juansenen.citytravel.controler.LineControler [http-nio-8080-exec-2] Finish getLine
2023-04-13 15:53:32,755 INFO com.juansenen.citytravel.controler.LineControler [http-nio-8080-exec-4] Begin getLine
2023-04-13 15:53:32,756 INFO com.juansenen.citytravel.controler.LineControler [http-nio-8080-exec-4] Finish getLine
2023-04-13 15:53:34,558 INFO com.juansenen.citytravel.controler.LineControler [http-nio-8080-exec-3] Begin getLine stations by Id Line
2023-04-13 15:53:34,561 INFO com.juansenen.citytravel.controler.LineControler [http-nio-8080-exec-3] Finsh getLine trains by Id Line
2023-04-13 15:53:39,388 INFO com.juansenen.citytravel.controler.LineStationControler [http-nio-8080-exec-6] Begin delete station by Id
2023-04-13 15:53:39,391 INFO com.juansenen.citytravel.controler.LineStationControler [http-nio-8080-exec-6] Finish delete station by Id
2023-04-13 15:53:42,860 INFO com.juansenen.citytravel.controler.LineStationControler [http-nio-8080-exec-7] Begin delete station by Id
2023-04-13 15:53:42,863 INFO com.juansenen.citytravel.controler.LineStationControler [http-nio-8080-exec-7] Finish delete station by Id
2023-04-13 15:53:58,234 INFO com.juansenen.citytravel.controler.LineStationControler [http-nio-8080-exec-5] Begin add station by Line Id
2023-04-13 15:53:58,297 INFO com.juansenen.citytravel.controler.LineStationControler [http-nio-8080-exec-5] Finish add station by Line Id
2023-04-13 15:54:00,114 INFO com.juansenen.citytravel.controler.LineControler [http-nio-8080-exec-8] Begin getLine stations by Id Line
2023-04-13 15:54:00,117 INFO com.juansenen.citytravel.controler.LineControler [http-nio-8080-exec-8] Finsh getLine trains by Id Line
2023-04-13 15:54:05,358 INFO com.juansenen.citytravel.controler.LineStationControler [http-nio-8080-exec-10] Begin delete station by Id
2023-04-13 15:54:05,362 INFO com.juansenen.citytravel.controler.LineStationControler [http-nio-8080-exec-10] Finish delete station by Id
2023-04-13 15:54:15,025 INFO com.juansenen.citytravel.controler.LineControler [http-nio-8080-exec-9] Begin getLine
2023-04-13 15:54:15,026 INFO com.juansenen.citytravel.controler.LineControler [http-nio-8080-exec-9] Finish getLine
2023-04-13 15:54:15,030 INFO com.juansenen.citytravel.controler.LineControler [http-nio-8080-exec-1] Begin getLine
2023-04-13 15:54:15,030 INFO com.juansenen.citytravel.controler.LineControler [http-nio-8080-exec-1] Finish getLine
2023-04-13 15:54:18,488 INFO com.juansenen.citytravel.controler.LineControler [http-nio-8080-exec-4] Begin getLine
2023-04-13 15:54:18,488 INFO com.juansenen.citytravel.controler.LineControler [http-nio-8080-exec-4] Finish getLine
2023-04-13 15:54:18,507 INFO com.juansenen.citytravel.controler.LineControler [http-nio-8080-exec-3] Begin getLine
2023-04-13 15:54:18,507 INFO com.juansenen.citytravel.controler.LineControler [http-nio-8080-exec-3] Finish getLine
2023-04-13 15:54:21,556 INFO com.juansenen.citytravel.controler.LineControler [http-nio-8080-exec-8] Begin getLine
2023-04-13 15:54:21,557 INFO com.juansenen.citytravel.controler.LineControler [http-nio-8080-exec-8] Finish getLine
2023-04-13 15:54:21,559 INFO com.juansenen.citytravel.controler.LineControler [http-nio-8080-exec-10] Begin getLine
2023-04-13 15:54:21,560 INFO com.juansenen.citytravel.controler.LineControler [http-nio-8080-exec-10] Finish getLine
2023-04-13 15:57:49,713 INFO com.juansenen.citytravel.controler.LineControler [http-nio-8080-exec-5] Begin getLine
2023-04-13 15:57:49,714 INFO com.juansenen.citytravel.controler.LineControler [http-nio-8080-exec-5] Finish getLine
2023-04-13 15:58:11,271 INFO com.juansenen.citytravel.controler.LineControler [http-nio-8080-exec-8] Begin getLine
2023-04-13 15:58:11,272 INFO com.juansenen.citytravel.controler.LineControler [http-nio-8080-exec-8] Finish getLine
2023-04-13 15:58:12,709 INFO com.juansenen.citytravel.controler.LineControler [http-nio-8080-exec-10] Begin getLine stations by Id Line
2023-04-13 15:58:12,715 INFO com.juansenen.citytravel.controler.LineControler [http-nio-8080-exec-10] Finsh getLine trains by Id Line
2023-04-13 15:58:15,733 INFO com.juansenen.citytravel.controler.LineControler [http-nio-8080-exec-1] Begin getLine
2023-04-13 15:58:15,733 INFO com.juansenen.citytravel.controler.LineControler [http-nio-8080-exec-1] Finish getLine
2023-04-13 15:58:37,473 INFO com.juansenen.citytravel.controler.LineControler [http-nio-8080-exec-6] Begin getLine
2023-04-13 15:58:37,473 INFO com.juansenen.citytravel.controler.LineControler [http-nio-8080-exec-6] Finish getLine
2023-04-13 15:58:38,713 INFO com.juansenen.citytravel.controler.LineControler [http-nio-8080-exec-7] Begin getLine stations by Id Line
2023-04-13 15:58:38,714 INFO com.juansenen.citytravel.controler.LineControler [http-nio-8080-exec-7] Finsh getLine trains by Id Line
2023-04-13 15:58:47,330 INFO com.juansenen.citytravel.controler.LineControler [http-nio-8080-exec-5] Begin getLine stations by Id Line
2023-04-13 15:58:47,332 INFO com.juansenen.citytravel.controler.LineControler [http-nio-8080-exec-5] Finsh getLine trains by Id Line
2023-04-13 15:59:03,663 INFO com.juansenen.citytravel.controler.LineControler [http-nio-8080-exec-8] Begin getLine stations by Id Line
2023-04-13 15:59:03,665 INFO com.juansenen.citytravel.controler.LineControler [http-nio-8080-exec-8] Finsh getLine trains by Id Line
2023-04-13 16:01:16,128 INFO com.juansenen.citytravel.controler.LineControler [http-nio-8080-exec-3] Begin getLine
2023-04-13 16:01:16,129 INFO com.juansenen.citytravel.controler.LineControler [http-nio-8080-exec-3] Finish getLine
2023-04-13 16:01:17,614 INFO com.juansenen.citytravel.controler.LineControler [http-nio-8080-exec-4] Begin getLine stations by Id Line
2023-04-13 16:01:17,615 INFO com.juansenen.citytravel.controler.LineControler [http-nio-8080-exec-4] Finsh getLine trains by Id Line
2023-04-13 16:01:20,093 INFO com.juansenen.citytravel.controler.LineControler [http-nio-8080-exec-6] Begin getLine stations by Id Line
2023-04-13 16:01:20,094 INFO com.juansenen.citytravel.controler.LineControler [http-nio-8080-exec-6] Finsh getLine trains by Id Line
2023-04-13 16:01:28,071 INFO com.juansenen.citytravel.controler.LineControler [http-nio-8080-exec-7] Begin getLine stations by Id Line
2023-04-13 16:01:28,075 INFO com.juansenen.citytravel.controler.LineControler [http-nio-8080-exec-7] Finsh getLine trains by Id Line
2023-04-13 16:05:31,307 INFO com.juansenen.citytravel.controler.LineControler [http-nio-8080-exec-2] Begin getLine
2023-04-13 16:05:31,308 INFO com.juansenen.citytravel.controler.LineControler [http-nio-8080-exec-2] Finish getLine
2023-04-13 16:05:33,399 INFO com.juansenen.citytravel.controler.LineControler [http-nio-8080-exec-9] Begin getLine stations by Id Line
2023-04-13 16:05:33,403 INFO com.juansenen.citytravel.controler.LineControler [http-nio-8080-exec-9] Finsh getLine trains by Id Line
2023-04-13 16:05:46,094 INFO com.juansenen.citytravel.controler.LineControler [http-nio-8080-exec-3] Begin getLine
2023-04-13 16:05:46,094 INFO com.juansenen.citytravel.controler.LineControler [http-nio-8080-exec-3] Finish getLine
2023-04-13 16:06:04,118 INFO com.juansenen.citytravel.controler.LineControler [http-nio-8080-exec-7] Begin getLine
2023-04-13 16:06:04,118 INFO com.juansenen.citytravel.controler.LineControler [http-nio-8080-exec-6] Begin getLine
2023-04-13 16:06:04,118 INFO com.juansenen.citytravel.controler.LineControler [http-nio-8080-exec-7] Finish getLine
2023-04-13 16:06:04,119 INFO com.juansenen.citytravel.controler.LineControler [http-nio-8080-exec-6] Finish getLine
2023-04-13 16:06:06,882 INFO com.juansenen.citytravel.controler.LineControler [http-nio-8080-exec-5] Begin getLine stations by Id Line
2023-04-13 16:06:06,888 INFO com.juansenen.citytravel.controler.LineControler [http-nio-8080-exec-5] Finsh getLine trains by Id Line
2023-04-13 16:06:12,438 INFO com.juansenen.citytravel.controler.LineStationControler [http-nio-8080-exec-8] Begin delete station by Id
2023-04-13 16:06:12,446 INFO com.juansenen.citytravel.controler.LineStationControler [http-nio-8080-exec-8] Finish delete station by Id
2023-04-13 16:06:14,362 INFO com.juansenen.citytravel.controler.LineStationControler [http-nio-8080-exec-10] Begin delete station by Id
2023-04-13 16:06:14,369 INFO com.juansenen.citytravel.controler.LineStationControler [http-nio-8080-exec-10] Finish delete station by Id
2023-04-13 16:06:16,101 INFO com.juansenen.citytravel.controler.LineStationControler [http-nio-8080-exec-1] Begin delete station by Id
2023-04-13 16:06:16,103 INFO com.juansenen.citytravel.controler.LineStationControler [http-nio-8080-exec-1] Finish delete station by Id
2023-04-13 16:06:19,485 INFO com.juansenen.citytravel.controler.LineStationControler [http-nio-8080-exec-2] Begin delete station by Id
2023-04-13 16:06:19,488 INFO com.juansenen.citytravel.controler.LineStationControler [http-nio-8080-exec-2] Finish delete station by Id
2023-04-13 16:06:21,531 INFO com.juansenen.citytravel.controler.LineStationControler [http-nio-8080-exec-9] Begin delete station by Id
2023-04-13 16:06:21,537 INFO com.juansenen.citytravel.controler.LineStationControler [http-nio-8080-exec-9] Finish delete station by Id
2023-04-13 16:06:23,482 INFO com.juansenen.citytravel.controler.LineStationControler [http-nio-8080-exec-3] Begin delete station by Id
2023-04-13 16:06:23,488 INFO com.juansenen.citytravel.controler.LineStationControler [http-nio-8080-exec-3] Finish delete station by Id
2023-04-13 16:06:25,219 INFO com.juansenen.citytravel.controler.LineStationControler [http-nio-8080-exec-4] Begin delete station by Id
2023-04-13 16:06:25,225 INFO com.juansenen.citytravel.controler.LineStationControler [http-nio-8080-exec-4] Finish delete station by Id
2023-04-13 16:06:27,160 INFO com.juansenen.citytravel.controler.LineStationControler [http-nio-8080-exec-7] Begin delete station by Id
2023-04-13 16:06:27,161 INFO com.juansenen.citytravel.controler.LineStationControler [http-nio-8080-exec-7] Finish delete station by Id
2023-04-13 16:06:28,902 INFO com.juansenen.citytravel.controler.LineStationControler [http-nio-8080-exec-6] Begin delete station by Id
2023-04-13 16:06:28,909 INFO com.juansenen.citytravel.controler.LineStationControler [http-nio-8080-exec-6] Finish delete station by Id
2023-04-13 16:07:17,477 WARN org.springframework.web.servlet.handler.AbstractHandlerExceptionResolver [http-nio-8080-exec-5] Resolved [org.springframework.http.converter.HttpMessageNotReadableException: JSON parse error: Cannot deserialize value of type `java.time.LocalTime` from String "6:0": Failed to deserialize java.time.LocalTime: (java.time.format.DateTimeParseException) Text '6:0' could not be parsed at index 0; nested exception is com.fasterxml.jackson.databind.exc.InvalidFormatException: Cannot deserialize value of type `java.time.LocalTime` from String "6:0": Failed to deserialize java.time.LocalTime: (java.time.format.DateTimeParseException) Text '6:0' could not be parsed at index 0<EOL> at [Source: (org.springframework.util.StreamUtils$NonClosingInputStream); line: 1, column: 45] (through reference chain: com.juansenen.citytravel.domain.LineStation["hopen"])]
2023-04-13 16:07:19,587 INFO com.juansenen.citytravel.controler.LineControler [http-nio-8080-exec-8] Begin getLine stations by Id Line
2023-04-13 16:07:19,589 INFO com.juansenen.citytravel.controler.LineControler [http-nio-8080-exec-8] Finsh getLine trains by Id Line
2023-04-13 16:08:17,918 WARN org.springframework.web.servlet.handler.AbstractHandlerExceptionResolver [http-nio-8080-exec-7] Resolved [org.springframework.http.converter.HttpMessageNotReadableException: JSON parse error: Cannot deserialize value of type `java.time.LocalTime` from String "6:30": Failed to deserialize java.time.LocalTime: (java.time.format.DateTimeParseException) Text '6:30' could not be parsed at index 0; nested exception is com.fasterxml.jackson.databind.exc.InvalidFormatException: Cannot deserialize value of type `java.time.LocalTime` from String "6:30": Failed to deserialize java.time.LocalTime: (java.time.format.DateTimeParseException) Text '6:30' could not be parsed at index 0<EOL> at [Source: (org.springframework.util.StreamUtils$NonClosingInputStream); line: 1, column: 45] (through reference chain: com.juansenen.citytravel.domain.LineStation["hopen"])]
2023-04-13 16:08:20,620 INFO com.juansenen.citytravel.controler.LineControler [http-nio-8080-exec-5] Begin getLine stations by Id Line
2023-04-13 16:08:20,622 INFO com.juansenen.citytravel.controler.LineControler [http-nio-8080-exec-5] Finsh getLine trains by Id Line
2023-04-13 16:08:21,949 INFO com.juansenen.citytravel.controler.LineControler [http-nio-8080-exec-8] Begin getLine
2023-04-13 16:08:21,950 INFO com.juansenen.citytravel.controler.LineControler [http-nio-8080-exec-8] Finish getLine
2023-04-13 16:08:21,952 INFO com.juansenen.citytravel.controler.LineControler [http-nio-8080-exec-10] Begin getLine
2023-04-13 16:08:21,954 INFO com.juansenen.citytravel.controler.LineControler [http-nio-8080-exec-10] Finish getLine
2023-04-13 16:08:23,410 INFO com.juansenen.citytravel.controler.LineControler [http-nio-8080-exec-1] Begin getLine stations by Id Line
2023-04-13 16:08:23,411 INFO com.juansenen.citytravel.controler.LineControler [http-nio-8080-exec-1] Finsh getLine trains by Id Line
2023-04-13 16:08:42,746 INFO com.juansenen.citytravel.controler.LineStationControler [http-nio-8080-exec-2] Begin add station by Line Id
2023-04-13 16:08:42,749 INFO com.juansenen.citytravel.controler.LineStationControler [http-nio-8080-exec-2] Finish add station by Line Id
2023-04-13 16:08:44,476 INFO com.juansenen.citytravel.controler.LineControler [http-nio-8080-exec-9] Begin getLine stations by Id Line
2023-04-13 16:08:44,478 INFO com.juansenen.citytravel.controler.LineControler [http-nio-8080-exec-9] Finsh getLine trains by Id Line
2023-04-13 16:09:24,394 INFO com.juansenen.citytravel.controler.LineStationControler [http-nio-8080-exec-5] Begin add station by Line Id
2023-04-13 16:09:24,398 INFO com.juansenen.citytravel.controler.LineStationControler [http-nio-8080-exec-5] Finish add station by Line Id
2023-04-13 16:09:25,618 INFO com.juansenen.citytravel.controler.LineControler [http-nio-8080-exec-8] Begin getLine stations by Id Line
2023-04-13 16:09:25,619 INFO com.juansenen.citytravel.controler.LineControler [http-nio-8080-exec-8] Finsh getLine trains by Id Line
2023-04-13 16:09:28,483 INFO com.juansenen.citytravel.controler.LineControler [http-nio-8080-exec-10] Begin getLine
2023-04-13 16:09:28,483 INFO com.juansenen.citytravel.controler.LineControler [http-nio-8080-exec-1] Begin getLine
2023-04-13 16:09:28,484 INFO com.juansenen.citytravel.controler.LineControler [http-nio-8080-exec-10] Finish getLine
2023-04-13 16:09:28,484 INFO com.juansenen.citytravel.controler.LineControler [http-nio-8080-exec-1] Finish getLine
2023-04-13 16:09:34,731 INFO com.juansenen.citytravel.controler.LineControler [http-nio-8080-exec-2] Begin getLine
2023-04-13 16:09:34,732 INFO com.juansenen.citytravel.controler.LineControler [http-nio-8080-exec-2] Finish getLine
2023-04-13 16:09:36,979 INFO com.juansenen.citytravel.controler.LineControler [http-nio-8080-exec-9] Begin getLine stations by Id Line
2023-04-13 16:09:36,981 INFO com.juansenen.citytravel.controler.LineControler [http-nio-8080-exec-9] Finsh getLine trains by Id Line
2023-04-13 16:09:51,008 INFO com.juansenen.citytravel.controler.LineControler [http-nio-8080-exec-7] Begin getLine stations by Id Line
2023-04-13 16:09:51,009 INFO com.juansenen.citytravel.controler.LineControler [http-nio-8080-exec-7] Finsh getLine trains by Id Line
2023-04-13 16:10:02,786 INFO com.juansenen.citytravel.controler.LineControler [http-nio-8080-exec-6] Begin getLine stations by Id Line
2023-04-13 16:10:02,788 INFO com.juansenen.citytravel.controler.LineControler [http-nio-8080-exec-6] Finsh getLine trains by Id Line
2023-04-13 16:10:11,900 INFO com.juansenen.citytravel.controler.LineControler [http-nio-8080-exec-5] Begin getLine stations by Id Line
2023-04-13 16:10:11,902 INFO com.juansenen.citytravel.controler.LineControler [http-nio-8080-exec-5] Finsh getLine trains by Id Line
2023-04-13 16:10:14,360 INFO com.juansenen.citytravel.controler.LineControler [http-nio-8080-exec-8] Begin getLine
2023-04-13 16:10:14,360 INFO com.juansenen.citytravel.controler.LineControler [http-nio-8080-exec-8] Finish getLine
2023-04-13 16:10:57,287 INFO org.springframework.orm.jpa.AbstractEntityManagerFactoryBean [SpringApplicationShutdownHook] Closing JPA EntityManagerFactory for persistence unit 'default'
2023-04-13 16:10:57,292 INFO com.zaxxer.hikari.HikariDataSource [SpringApplicationShutdownHook] HikariPool-1 - Shutdown initiated...
2023-04-13 16:10:57,294 INFO com.zaxxer.hikari.HikariDataSource [SpringApplicationShutdownHook] HikariPool-1 - Shutdown completed.
2023-04-13 19:50:49,500 INFO org.hibernate.validator.internal.util.Version [background-preinit] HV000001: Hibernate Validator 6.2.5.Final
2023-04-13 19:50:49,504 INFO org.springframework.boot.StartupInfoLogger [main] Starting CitytravelApplication using Java 17.0.2 on MacBook-Pro-de-Juansenen.local with PID 1194 (/Users/JSenen/Desktop/CityTravel/target/classes started by JSenen in /Users/JSenen/Desktop/CityTravel)
2023-04-13 19:50:49,504 INFO org.springframework.boot.SpringApplication [main] No active profile set, falling back to 1 default profile: "default"
2023-04-13 19:50:50,085 INFO org.springframework.data.repository.config.RepositoryConfigurationDelegate [main] Bootstrapping Spring Data JPA repositories in DEFAULT mode.
2023-04-13 19:50:50,152 INFO org.springframework.data.repository.config.RepositoryConfigurationDelegate [main] Finished Spring Data repository scanning in 58 ms. Found 7 JPA repository interfaces.
2023-04-13 19:50:50,849 INFO org.springframework.boot.web.embedded.tomcat.TomcatWebServer [main] Tomcat initialized with port(s): 8080 (http)
2023-04-13 19:50:50,860 INFO org.apache.juli.logging.DirectJDKLog [main] Initializing ProtocolHandler ["http-nio-8080"]
2023-04-13 19:50:50,860 INFO org.apache.juli.logging.DirectJDKLog [main] Starting service [Tomcat]
2023-04-13 19:50:50,861 INFO org.apache.juli.logging.DirectJDKLog [main] Starting Servlet engine: [Apache Tomcat/9.0.68]
2023-04-13 19:50:50,945 INFO org.apache.juli.logging.DirectJDKLog [main] Initializing Spring embedded WebApplicationContext
2023-04-13 19:50:50,945 INFO org.springframework.boot.web.servlet.context.ServletWebServerApplicationContext [main] Root WebApplicationContext: initialization completed in 1405 ms
2023-04-13 19:50:50,987 INFO com.zaxxer.hikari.HikariDataSource [main] HikariPool-1 - Starting...
2023-04-13 19:50:51,367 INFO com.zaxxer.hikari.HikariDataSource [main] HikariPool-1 - Start completed.
2023-04-13 19:50:51,380 INFO org.springframework.boot.autoconfigure.h2.H2ConsoleAutoConfiguration [main] H2 console available at '/h2-console'. Database available at 'jdbc:h2:file:/Users/JSenen/Documents/Proyectos/AD/citytravel/citytravel.db'
2023-04-13 19:50:51,483 WARN org.springframework.boot.autoconfigure.orm.jpa.JpaBaseConfiguration$JpaWebConfiguration [main] spring.jpa.open-in-view is enabled by default. Therefore, database queries may be performed during view rendering. Explicitly configure spring.jpa.open-in-view to disable this warning
2023-04-13 19:50:51,603 INFO org.hibernate.jpa.internal.util.LogHelper [main] HHH000204: Processing PersistenceUnitInfo [name: default]
2023-04-13 19:50:51,680 INFO org.hibernate.Version [main] HHH000412: Hibernate ORM core version 5.6.12.Final
2023-04-13 19:50:51,838 INFO org.hibernate.annotations.common.reflection.java.JavaReflectionManager [main] HCANN000001: Hibernate Commons Annotations {5.1.2.Final}
2023-04-13 19:50:51,934 INFO org.hibernate.dialect.Dialect [main] HHH000400: Using dialect: org.hibernate.dialect.H2Dialect
2023-04-13 19:50:52,652 INFO org.hibernate.engine.transaction.jta.platform.internal.JtaPlatformInitiator [main] HHH000490: Using JtaPlatform implementation: [org.hibernate.engine.transaction.jta.platform.internal.NoJtaPlatform]
2023-04-13 19:50:52,660 INFO org.springframework.orm.jpa.AbstractEntityManagerFactoryBean [main] Initialized JPA EntityManagerFactory for persistence unit 'default'
2023-04-13 19:50:54,105 INFO org.springframework.security.web.DefaultSecurityFilterChain [main] Will secure any request with [org.springframework.security.web.session.DisableEncodeUrlFilter@7f69c4c0, org.springframework.security.web.context.request.async.WebAsyncManagerIntegrationFilter@6a9a6a0c, org.springframework.security.web.context.SecurityContextPersistenceFilter@3a574a3b, org.springframework.security.web.header.HeaderWriterFilter@1e12fdcf, org.springframework.web.filter.CorsFilter@1cdb290c, org.springframework.security.web.authentication.logout.LogoutFilter@54f62ac6, com.juansenen.citytravel.security.AuthTokenFilter@7ac1161f, org.springframework.security.web.savedrequest.RequestCacheAwareFilter@22ba30b0, org.springframework.security.web.servletapi.SecurityContextHolderAwareRequestFilter@4144d4a, org.springframework.security.web.authentication.AnonymousAuthenticationFilter@77f95e19, org.springframework.security.web.session.SessionManagementFilter@7ca8f5d7, org.springframework.security.web.access.ExceptionTranslationFilter@574e4184, org.springframework.security.web.access.intercept.FilterSecurityInterceptor@5c8d685e]
2023-04-13 19:50:54,461 INFO org.apache.juli.logging.DirectJDKLog [main] Starting ProtocolHandler ["http-nio-8080"]
2023-04-13 19:50:54,497 INFO org.springframework.boot.web.embedded.tomcat.TomcatWebServer [main] Tomcat started on port(s): 8080 (http) with context path ''
2023-04-13 19:50:54,506 INFO org.springframework.boot.StartupInfoLogger [main] Started CitytravelApplication in 5.619 seconds (JVM running for 5.948)
2023-04-13 19:51:08,582 INFO org.apache.juli.logging.DirectJDKLog [http-nio-8080-exec-1] Initializing Spring DispatcherServlet 'dispatcherServlet'
2023-04-13 19:51:08,583 INFO org.springframework.web.servlet.FrameworkServlet [http-nio-8080-exec-1] Initializing Servlet 'dispatcherServlet'
2023-04-13 19:51:08,584 INFO org.springframework.web.servlet.FrameworkServlet [http-nio-8080-exec-1] Completed initialization in 1 ms
2023-04-13 19:51:08,642 ERROR com.juansenen.citytravel.security.AuthTokenFilter [http-nio-8080-exec-1] Cannot set user authentication: {}
org.springframework.security.oauth2.jwt.JwtValidationException: An error occurred while attempting to decode the Jwt: Jwt expired at 2023-04-12T00:06:43Z
	at org.springframework.security.oauth2.jwt.NimbusJwtDecoder.validateJwt(NimbusJwtDecoder.java:189)
	at org.springframework.security.oauth2.jwt.NimbusJwtDecoder.decode(NimbusJwtDecoder.java:138)
	at com.juansenen.citytravel.security.JwtUtils.validateJwtToken(JwtUtils.java:54)
	at com.juansenen.citytravel.security.AuthTokenFilter.doFilterInternal(AuthTokenFilter.java:35)
	at org.springframework.web.filter.OncePerRequestFilter.doFilter(OncePerRequestFilter.java:117)
	at org.springframework.security.web.FilterChainProxy$VirtualFilterChain.doFilter(FilterChainProxy.java:346)
	at org.springframework.security.web.authentication.logout.LogoutFilter.doFilter(LogoutFilter.java:103)
	at org.springframework.security.web.authentication.logout.LogoutFilter.doFilter(LogoutFilter.java:89)
	at org.springframework.security.web.FilterChainProxy$VirtualFilterChain.doFilter(FilterChainProxy.java:346)
	at org.springframework.web.filter.CorsFilter.doFilterInternal(CorsFilter.java:91)
	at org.springframework.web.filter.OncePerRequestFilter.doFilter(OncePerRequestFilter.java:117)
	at org.springframework.security.web.FilterChainProxy$VirtualFilterChain.doFilter(FilterChainProxy.java:346)
	at org.springframework.security.web.header.HeaderWriterFilter.doHeadersAfter(HeaderWriterFilter.java:90)
	at org.springframework.security.web.header.HeaderWriterFilter.doFilterInternal(HeaderWriterFilter.java:75)
	at org.springframework.web.filter.OncePerRequestFilter.doFilter(OncePerRequestFilter.java:117)
	at org.springframework.security.web.FilterChainProxy$VirtualFilterChain.doFilter(FilterChainProxy.java:346)
	at org.springframework.security.web.context.SecurityContextPersistenceFilter.doFilter(SecurityContextPersistenceFilter.java:112)
	at org.springframework.security.web.context.SecurityContextPersistenceFilter.doFilter(SecurityContextPersistenceFilter.java:82)
	at org.springframework.security.web.FilterChainProxy$VirtualFilterChain.doFilter(FilterChainProxy.java:346)
	at org.springframework.security.web.context.request.async.WebAsyncManagerIntegrationFilter.doFilterInternal(WebAsyncManagerIntegrationFilter.java:55)
	at org.springframework.web.filter.OncePerRequestFilter.doFilter(OncePerRequestFilter.java:117)
	at org.springframework.security.web.FilterChainProxy$VirtualFilterChain.doFilter(FilterChainProxy.java:346)
	at org.springframework.security.web.session.DisableEncodeUrlFilter.doFilterInternal(DisableEncodeUrlFilter.java:42)
	at org.springframework.web.filter.OncePerRequestFilter.doFilter(OncePerRequestFilter.java:117)
	at org.springframework.security.web.FilterChainProxy$VirtualFilterChain.doFilter(FilterChainProxy.java:346)
	at org.springframework.security.web.FilterChainProxy.doFilterInternal(FilterChainProxy.java:221)
	at org.springframework.security.web.FilterChainProxy.doFilter(FilterChainProxy.java:186)
	at org.springframework.web.filter.DelegatingFilterProxy.invokeDelegate(DelegatingFilterProxy.java:354)
	at org.springframework.web.filter.DelegatingFilterProxy.doFilter(DelegatingFilterProxy.java:267)
	at org.apache.catalina.core.ApplicationFilterChain.internalDoFilter(ApplicationFilterChain.java:189)
	at org.apache.catalina.core.ApplicationFilterChain.doFilter(ApplicationFilterChain.java:162)
	at org.springframework.web.filter.RequestContextFilter.doFilterInternal(RequestContextFilter.java:100)
	at org.springframework.web.filter.OncePerRequestFilter.doFilter(OncePerRequestFilter.java:117)
	at org.apache.catalina.core.ApplicationFilterChain.internalDoFilter(ApplicationFilterChain.java:189)
	at org.apache.catalina.core.ApplicationFilterChain.doFilter(ApplicationFilterChain.java:162)
	at org.springframework.web.filter.FormContentFilter.doFilterInternal(FormContentFilter.java:93)
	at org.springframework.web.filter.OncePerRequestFilter.doFilter(OncePerRequestFilter.java:117)
	at org.apache.catalina.core.ApplicationFilterChain.internalDoFilter(ApplicationFilterChain.java:189)
	at org.apache.catalina.core.ApplicationFilterChain.doFilter(ApplicationFilterChain.java:162)
	at org.springframework.web.filter.CharacterEncodingFilter.doFilterInternal(CharacterEncodingFilter.java:201)
	at org.springframework.web.filter.OncePerRequestFilter.doFilter(OncePerRequestFilter.java:117)
	at org.apache.catalina.core.ApplicationFilterChain.internalDoFilter(ApplicationFilterChain.java:189)
	at org.apache.catalina.core.ApplicationFilterChain.doFilter(ApplicationFilterChain.java:162)
	at org.apache.catalina.core.StandardWrapperValve.invoke(StandardWrapperValve.java:197)
	at org.apache.catalina.core.StandardContextValve.invoke(StandardContextValve.java:97)
	at org.apache.catalina.authenticator.AuthenticatorBase.invoke(AuthenticatorBase.java:541)
	at org.apache.catalina.core.StandardHostValve.invoke(StandardHostValve.java:135)
	at org.apache.catalina.valves.ErrorReportValve.invoke(ErrorReportValve.java:92)
	at org.apache.catalina.core.StandardEngineValve.invoke(StandardEngineValve.java:78)
	at org.apache.catalina.connector.CoyoteAdapter.service(CoyoteAdapter.java:360)
	at org.apache.coyote.http11.Http11Processor.service(Http11Processor.java:399)
	at org.apache.coyote.AbstractProcessorLight.process(AbstractProcessorLight.java:65)
	at org.apache.coyote.AbstractProtocol$ConnectionHandler.process(AbstractProtocol.java:893)
	at org.apache.tomcat.util.net.NioEndpoint$SocketProcessor.doRun(NioEndpoint.java:1789)
	at org.apache.tomcat.util.net.SocketProcessorBase.run(SocketProcessorBase.java:49)
	at org.apache.tomcat.util.threads.ThreadPoolExecutor.runWorker(ThreadPoolExecutor.java:1191)
	at org.apache.tomcat.util.threads.ThreadPoolExecutor$Worker.run(ThreadPoolExecutor.java:659)
	at org.apache.tomcat.util.threads.TaskThread$WrappingRunnable.run(TaskThread.java:61)
	at java.base/java.lang.Thread.run(Thread.java:833)
2023-04-13 19:51:08,746 INFO com.juansenen.citytravel.controler.LineControler [http-nio-8080-exec-1] Begin getLine
2023-04-13 19:51:08,746 INFO com.juansenen.citytravel.controler.LineControler [http-nio-8080-exec-1] Finish getLine
2023-04-13 19:51:27,684 INFO com.juansenen.citytravel.controler.LineControler [http-nio-8080-exec-4] Begin add new Line
2023-04-13 19:51:27,706 INFO com.juansenen.citytravel.controler.LineControler [http-nio-8080-exec-4] Finish add new Line
2023-04-13 19:51:31,215 INFO com.juansenen.citytravel.controler.LineControler [http-nio-8080-exec-5] Begin add new Line
2023-04-13 19:51:31,217 INFO com.juansenen.citytravel.controler.LineControler [http-nio-8080-exec-5] Finish add new Line
2023-04-13 19:51:35,171 INFO com.juansenen.citytravel.controler.LineControler [http-nio-8080-exec-6] Begin getLine
2023-04-13 19:51:35,173 INFO com.juansenen.citytravel.controler.LineControler [http-nio-8080-exec-6] Finish getLine
2023-04-13 20:13:00,618 INFO org.springframework.orm.jpa.AbstractEntityManagerFactoryBean [SpringApplicationShutdownHook] Closing JPA EntityManagerFactory for persistence unit 'default'
2023-04-13 20:13:00,621 INFO com.zaxxer.hikari.HikariDataSource [SpringApplicationShutdownHook] HikariPool-1 - Shutdown initiated...
2023-04-13 20:13:00,624 INFO com.zaxxer.hikari.HikariDataSource [SpringApplicationShutdownHook] HikariPool-1 - Shutdown completed.
